C:\USERS\EHISSEY\DESKTOP\CS434\TRUNK\P1\PROJ\DEBUG\CGINTERFACE.OBJ
C:\Users\ehissey\Desktop\CS434\trunk\P1\proj\Debug\cl.command.1.tlog
C:\Users\ehissey\Desktop\CS434\trunk\P1\proj\Debug\CL.read.1.tlog
C:\Users\ehissey\Desktop\CS434\trunk\P1\proj\Debug\CL.write.1.tlog
C:\USERS\EHISSEY\DESKTOP\CS434\TRUNK\P1\PROJ\DEBUG\CODE.EXE.EMBED.MANIFEST
C:\USERS\EHISSEY\DESKTOP\CS434\TRUNK\P1\PROJ\DEBUG\CODE.EXE.EMBED.MANIFEST.RES
C:\Users\ehissey\Desktop\CS434\trunk\P1\proj\Debug\code.exe.intermediate.manifest
C:\Users\ehissey\Desktop\CS434\trunk\P1\proj\Debug\code.pdb
C:\Users\ehissey\Desktop\CS434\trunk\P1\proj\Debug\code_manifest.rc
C:\USERS\EHISSEY\DESKTOP\CS434\TRUNK\P1\PROJ\DEBUG\ENVMAP.OBJ
C:\USERS\EHISSEY\DESKTOP\CS434\TRUNK\P1\PROJ\DEBUG\FRAMEBUFFER.OBJ
C:\USERS\EHISSEY\DESKTOP\CS434\TRUNK\P1\PROJ\DEBUG\GUI.OBJ
C:\Users\ehissey\Desktop\CS434\trunk\P1\proj\Debug\link.1400.read.1.tlog
C:\Users\ehissey\Desktop\CS434\trunk\P1\proj\Debug\link.1400.write.1.tlog
C:\Users\ehissey\Desktop\CS434\trunk\P1\proj\Debug\link.1400-cvtres.read.1.tlog
C:\Users\ehissey\Desktop\CS434\trunk\P1\proj\Debug\link.1400-cvtres.write.1.tlog
C:\Users\ehissey\Desktop\CS434\trunk\P1\proj\Debug\link.1436.read.1.tlog
C:\Users\ehissey\Desktop\CS434\trunk\P1\proj\Debug\link.1436.write.1.tlog
C:\Users\ehissey\Desktop\CS434\trunk\P1\proj\Debug\link.1436-cvtres.read.1.tlog
C:\Users\ehissey\Desktop\CS434\trunk\P1\proj\Debug\link.1436-cvtres.write.1.tlog
C:\Users\ehissey\Desktop\CS434\trunk\P1\proj\Debug\link.1692.read.1.tlog
C:\Users\ehissey\Desktop\CS434\trunk\P1\proj\Debug\link.1692.write.1.tlog
C:\Users\ehissey\Desktop\CS434\trunk\P1\proj\Debug\link.1692-cvtres.read.1.tlog
C:\Users\ehissey\Desktop\CS434\trunk\P1\proj\Debug\link.1692-cvtres.write.1.tlog
C:\Users\ehissey\Desktop\CS434\trunk\P1\proj\Debug\link.2900.read.1.tlog
C:\Users\ehissey\Desktop\CS434\trunk\P1\proj\Debug\link.2900.write.1.tlog
C:\Users\ehissey\Desktop\CS434\trunk\P1\proj\Debug\link.2900-cvtres.read.1.tlog
C:\Users\ehissey\Desktop\CS434\trunk\P1\proj\Debug\link.2900-cvtres.write.1.tlog
C:\Users\ehissey\Desktop\CS434\trunk\P1\proj\Debug\link.3124.read.1.tlog
C:\Users\ehissey\Desktop\CS434\trunk\P1\proj\Debug\link.3124.write.1.tlog
C:\Users\ehissey\Desktop\CS434\trunk\P1\proj\Debug\link.3124-cvtres.read.1.tlog
C:\Users\ehissey\Desktop\CS434\trunk\P1\proj\Debug\link.3124-cvtres.write.1.tlog
C:\Users\ehissey\Desktop\CS434\trunk\P1\proj\Debug\link.4584.read.1.tlog
C:\Users\ehissey\Desktop\CS434\trunk\P1\proj\Debug\link.4584.write.1.tlog
C:\Users\ehissey\Desktop\CS434\trunk\P1\proj\Debug\link.4584-cvtres.read.1.tlog
C:\Users\ehissey\Desktop\CS434\trunk\P1\proj\Debug\link.4584-cvtres.write.1.tlog
C:\Users\ehissey\Desktop\CS434\trunk\P1\proj\Debug\link.4972.read.1.tlog
C:\Users\ehissey\Desktop\CS434\trunk\P1\proj\Debug\link.4972.write.1.tlog
C:\Users\ehissey\Desktop\CS434\trunk\P1\proj\Debug\link.4972-cvtres.read.1.tlog
C:\Users\ehissey\Desktop\CS434\trunk\P1\proj\Debug\link.4972-cvtres.write.1.tlog
C:\Users\ehissey\Desktop\CS434\trunk\P1\proj\Debug\link.5020.read.1.tlog
C:\Users\ehissey\Desktop\CS434\trunk\P1\proj\Debug\link.5020.write.1.tlog
C:\Users\ehissey\Desktop\CS434\trunk\P1\proj\Debug\link.5020-cvtres.read.1.tlog
C:\Users\ehissey\Desktop\CS434\trunk\P1\proj\Debug\link.5020-cvtres.write.1.tlog
C:\Users\ehissey\Desktop\CS434\trunk\P1\proj\Debug\link.5304.read.1.tlog
C:\Users\ehissey\Desktop\CS434\trunk\P1\proj\Debug\link.5304.write.1.tlog
C:\Users\ehissey\Desktop\CS434\trunk\P1\proj\Debug\link.5304-cvtres.read.1.tlog
C:\Users\ehissey\Desktop\CS434\trunk\P1\proj\Debug\link.5304-cvtres.write.1.tlog
C:\Users\ehissey\Desktop\CS434\trunk\P1\proj\Debug\link.5344.read.1.tlog
C:\Users\ehissey\Desktop\CS434\trunk\P1\proj\Debug\link.5344.write.1.tlog
C:\Users\ehissey\Desktop\CS434\trunk\P1\proj\Debug\link.5344-cvtres.read.1.tlog
C:\Users\ehissey\Desktop\CS434\trunk\P1\proj\Debug\link.5344-cvtres.write.1.tlog
C:\Users\ehissey\Desktop\CS434\trunk\P1\proj\Debug\link.5416.read.1.tlog
C:\Users\ehissey\Desktop\CS434\trunk\P1\proj\Debug\link.5416.write.1.tlog
C:\Users\ehissey\Desktop\CS434\trunk\P1\proj\Debug\link.5416-cvtres.read.1.tlog
C:\Users\ehissey\Desktop\CS434\trunk\P1\proj\Debug\link.5416-cvtres.write.1.tlog
C:\Users\ehissey\Desktop\CS434\trunk\P1\proj\Debug\link.5432.read.1.tlog
C:\Users\ehissey\Desktop\CS434\trunk\P1\proj\Debug\link.5432.write.1.tlog
C:\Users\ehissey\Desktop\CS434\trunk\P1\proj\Debug\link.5432-cvtres.read.1.tlog
C:\Users\ehissey\Desktop\CS434\trunk\P1\proj\Debug\link.5432-cvtres.write.1.tlog
C:\Users\ehissey\Desktop\CS434\trunk\P1\proj\Debug\link.5452.read.1.tlog
C:\Users\ehissey\Desktop\CS434\trunk\P1\proj\Debug\link.5452.write.1.tlog
C:\Users\ehissey\Desktop\CS434\trunk\P1\proj\Debug\link.5452-cvtres.read.1.tlog
C:\Users\ehissey\Desktop\CS434\trunk\P1\proj\Debug\link.5452-cvtres.write.1.tlog
C:\Users\ehissey\Desktop\CS434\trunk\P1\proj\Debug\link.5556.read.1.tlog
C:\Users\ehissey\Desktop\CS434\trunk\P1\proj\Debug\link.5556.write.1.tlog
C:\Users\ehissey\Desktop\CS434\trunk\P1\proj\Debug\link.5556-cvtres.read.1.tlog
C:\Users\ehissey\Desktop\CS434\trunk\P1\proj\Debug\link.5556-cvtres.write.1.tlog
C:\Users\ehissey\Desktop\CS434\trunk\P1\proj\Debug\link.5712.read.1.tlog
C:\Users\ehissey\Desktop\CS434\trunk\P1\proj\Debug\link.5712.write.1.tlog
C:\Users\ehissey\Desktop\CS434\trunk\P1\proj\Debug\link.5712-cvtres.read.1.tlog
C:\Users\ehissey\Desktop\CS434\trunk\P1\proj\Debug\link.5712-cvtres.write.1.tlog
C:\Users\ehissey\Desktop\CS434\trunk\P1\proj\Debug\link.5808.read.1.tlog
C:\Users\ehissey\Desktop\CS434\trunk\P1\proj\Debug\link.5808.write.1.tlog
C:\Users\ehissey\Desktop\CS434\trunk\P1\proj\Debug\link.5808-cvtres.read.1.tlog
C:\Users\ehissey\Desktop\CS434\trunk\P1\proj\Debug\link.5808-cvtres.write.1.tlog
C:\Users\ehissey\Desktop\CS434\trunk\P1\proj\Debug\link.5920.read.1.tlog
C:\Users\ehissey\Desktop\CS434\trunk\P1\proj\Debug\link.5920.write.1.tlog
C:\Users\ehissey\Desktop\CS434\trunk\P1\proj\Debug\link.5920-cvtres.read.1.tlog
C:\Users\ehissey\Desktop\CS434\trunk\P1\proj\Debug\link.5920-cvtres.write.1.tlog
C:\Users\ehissey\Desktop\CS434\trunk\P1\proj\Debug\link.5936.read.1.tlog
C:\Users\ehissey\Desktop\CS434\trunk\P1\proj\Debug\link.5936.write.1.tlog
C:\Users\ehissey\Desktop\CS434\trunk\P1\proj\Debug\link.5936-cvtres.read.1.tlog
C:\Users\ehissey\Desktop\CS434\trunk\P1\proj\Debug\link.5936-cvtres.write.1.tlog
C:\Users\ehissey\Desktop\CS434\trunk\P1\proj\Debug\link.916.read.1.tlog
C:\Users\ehissey\Desktop\CS434\trunk\P1\proj\Debug\link.916.write.1.tlog
C:\Users\ehissey\Desktop\CS434\trunk\P1\proj\Debug\link.916-cvtres.read.1.tlog
C:\Users\ehissey\Desktop\CS434\trunk\P1\proj\Debug\link.916-cvtres.write.1.tlog
C:\Users\ehissey\Desktop\CS434\trunk\P1\proj\Debug\link.command.1.tlog
C:\Users\ehissey\Desktop\CS434\trunk\P1\proj\Debug\link.read.1.tlog
C:\Users\ehissey\Desktop\CS434\trunk\P1\proj\Debug\link.write.1.tlog
C:\Users\ehissey\Desktop\CS434\trunk\P1\proj\Debug\link-cvtres.read.1.tlog
C:\Users\ehissey\Desktop\CS434\trunk\P1\proj\Debug\link-cvtres.write.1.tlog
C:\USERS\EHISSEY\DESKTOP\CS434\TRUNK\P1\PROJ\DEBUG\M33.OBJ
C:\Users\ehissey\Desktop\CS434\trunk\P1\proj\Debug\mt.command.1.tlog
C:\Users\ehissey\Desktop\CS434\trunk\P1\proj\Debug\mt.read.1.tlog
C:\Users\ehissey\Desktop\CS434\trunk\P1\proj\Debug\mt.write.1.tlog
C:\USERS\EHISSEY\DESKTOP\CS434\TRUNK\P1\PROJ\DEBUG\PPC.OBJ
C:\Users\ehissey\Desktop\CS434\trunk\P1\proj\Debug\rc.command.1.tlog
C:\Users\ehissey\Desktop\CS434\trunk\P1\proj\Debug\rc.read.1.tlog
C:\Users\ehissey\Desktop\CS434\trunk\P1\proj\Debug\rc.write.1.tlog
C:\USERS\EHISSEY\DESKTOP\CS434\TRUNK\P1\PROJ\DEBUG\SCENE.OBJ
C:\USERS\EHISSEY\DESKTOP\CS434\TRUNK\P1\PROJ\DEBUG\TMESH.OBJ
C:\USERS\EHISSEY\DESKTOP\CS434\TRUNK\P1\PROJ\DEBUG\V3.OBJ
C:\Users\ehissey\Desktop\CS434\trunk\P1\proj\Debug\vc100.idb
C:\USERS\EHISSEY\DESKTOP\CS434\TRUNK\P1\PROJ\DEBUG\VC100.PDB
C:\USERS\EHISSEY\DESKTOP\CS4342\TRUNK\P1\PROJ\DEBUG\CGINTERFACE.OBJ
C:\USERS\EHISSEY\DESKTOP\CS4342\TRUNK\P1\PROJ\DEBUG\CODE.EXE
C:\USERS\EHISSEY\DESKTOP\CS4342\TRUNK\P1\PROJ\DEBUG\CODE.EXE.EMBED.MANIFEST.RES
C:\USERS\EHISSEY\DESKTOP\CS4342\TRUNK\P1\PROJ\DEBUG\CODE.EXE.INTERMEDIATE.MANIFEST
C:\USERS\EHISSEY\DESKTOP\CS4342\TRUNK\P1\PROJ\DEBUG\CODE.ILK
C:\USERS\EHISSEY\DESKTOP\CS4342\TRUNK\P1\PROJ\DEBUG\CODE.PDB
C:\USERS\EHISSEY\DESKTOP\CS4342\TRUNK\P1\PROJ\DEBUG\ENVMAP.OBJ
C:\USERS\EHISSEY\DESKTOP\CS4342\TRUNK\P1\PROJ\DEBUG\FRAMEBUFFER.OBJ
C:\USERS\EHISSEY\DESKTOP\CS4342\TRUNK\P1\PROJ\DEBUG\GUI.OBJ
C:\USERS\EHISSEY\DESKTOP\CS4342\TRUNK\P1\PROJ\DEBUG\M33.OBJ
C:\USERS\EHISSEY\DESKTOP\CS4342\TRUNK\P1\PROJ\DEBUG\PPC.OBJ
C:\USERS\EHISSEY\DESKTOP\CS4342\TRUNK\P1\PROJ\DEBUG\SCENE.OBJ
C:\USERS\EHISSEY\DESKTOP\CS4342\TRUNK\P1\PROJ\DEBUG\TMESH.OBJ
C:\USERS\EHISSEY\DESKTOP\CS4342\TRUNK\P1\PROJ\DEBUG\V3.OBJ
C:\USERS\EHISSEY\DESKTOP\CS4342\TRUNK\P1\PROJ\DEBUG\VC100.PDB
