C:\USERS\EHISSEY\DESKTOP\CS434\TRUNK\P1\PROJ\RELEASE\CGINTERFACE.OBJ
C:\Users\ehissey\Desktop\CS434\trunk\P1\proj\Release\cl.command.1.tlog
C:\Users\ehissey\Desktop\CS434\trunk\P1\proj\Release\CL.read.1.tlog
C:\Users\ehissey\Desktop\CS434\trunk\P1\proj\Release\CL.write.1.tlog
C:\USERS\EHISSEY\DESKTOP\CS434\TRUNK\P1\PROJ\RELEASE\CODE.EXE
C:\USERS\EHISSEY\DESKTOP\CS434\TRUNK\P1\PROJ\RELEASE\CODE.EXE.INTERMEDIATE.MANIFEST
C:\USERS\EHISSEY\DESKTOP\CS434\TRUNK\P1\PROJ\RELEASE\CODE.PDB
C:\USERS\EHISSEY\DESKTOP\CS434\TRUNK\P1\PROJ\RELEASE\FRAMEBUFFER.OBJ
C:\USERS\EHISSEY\DESKTOP\CS434\TRUNK\P1\PROJ\RELEASE\GUI.OBJ
C:\Users\ehissey\Desktop\CS434\trunk\P1\proj\Release\link.command.1.tlog
C:\Users\ehissey\Desktop\CS434\trunk\P1\proj\Release\link.read.1.tlog
C:\Users\ehissey\Desktop\CS434\trunk\P1\proj\Release\link.write.1.tlog
C:\USERS\EHISSEY\DESKTOP\CS434\TRUNK\P1\PROJ\RELEASE\M33.OBJ
C:\Users\ehissey\Desktop\CS434\trunk\P1\proj\Release\mt.command.1.tlog
C:\Users\ehissey\Desktop\CS434\trunk\P1\proj\Release\mt.read.1.tlog
C:\Users\ehissey\Desktop\CS434\trunk\P1\proj\Release\mt.write.1.tlog
C:\USERS\EHISSEY\DESKTOP\CS434\TRUNK\P1\PROJ\RELEASE\PPC.OBJ
C:\USERS\EHISSEY\DESKTOP\CS434\TRUNK\P1\PROJ\RELEASE\SCENE.OBJ
C:\USERS\EHISSEY\DESKTOP\CS434\TRUNK\P1\PROJ\RELEASE\TMESH.OBJ
C:\USERS\EHISSEY\DESKTOP\CS434\TRUNK\P1\PROJ\RELEASE\V3.OBJ
C:\USERS\EHISSEY\DESKTOP\CS434\TRUNK\P1\PROJ\RELEASE\VC100.PDB
