Build started 1/27/2013 8:50:53 PM.
     1>Project "C:\Users\ehissey\Desktop\CS434\trunk\P1\proj\code.vcxproj" on node 2 (build target(s)).
     1>InitializeBuildStatus:
         Touching "Release\code.unsuccessfulbuild".
       ClCompile:
         All outputs are up-to-date.
       Link:
         C:\Program Files (x86)\Microsoft Visual Studio 10.0\VC\bin\link.exe /ERRORREPORT:PROMPT /OUT:"C:\Users\ehissey\Desktop\CS434\trunk\P1\proj\Release\code.exe" /INCREMENTAL:NO /NOLOGO /LIBPATH:C:\Users\ehissey\Desktop\CS434\trunk\P1\proj\\lib cg.lib cgGL.lib tiff.lib fltk.lib fltkgl.lib opengl32.lib glu32.lib wsock32.lib comctl32.lib kernel32.lib user32.lib gdi32.lib winspool.lib comdlg32.lib advapi32.lib shell32.lib ole32.lib oleaut32.lib uuid.lib odbc32.lib odbccp32.lib /MANIFEST /ManifestFile:"Release\code.exe.intermediate.manifest" /MANIFESTUAC:"level='asInvoker' uiAccess='false'" /DEBUG /PDB:"C:\Users\ehissey\Desktop\CS434\trunk\P1\proj\Release\code.pdb" /SUBSYSTEM:CONSOLE /OPT:REF /OPT:ICF /LTCG /TLBID:1 /DYNAMICBASE /NXCOMPAT /IMPLIB:"C:\Users\ehissey\Desktop\CS434\trunk\P1\proj\Release\code.lib" /MACHINE:X86 Release\CGInterface.obj
         Release\framebuffer.obj
         Release\gui.obj
         Release\m33.obj
         Release\ppc.obj
         Release\scene.obj
         Release\tmesh.obj
         Release\v3.obj
     1>tiff.lib(tif_getimage.obj) : warning LNK4075: ignoring '/EDITANDCONTINUE' due to '/OPT:ICF' specification
     1>LINK : warning LNK4098: defaultlib 'MSVCRTD' conflicts with use of other libs; use /NODEFAULTLIB:library
     1>scene.obj : error LNK2001: unresolved external symbol _TIFFOpen
     1>tiff.lib(tif_lzw.obj) : error LNK2001: unresolved external symbol __TIFFmalloc
     1>tiff.lib(tif_zip.obj) : error LNK2001: unresolved external symbol __TIFFmalloc
     1>tiff.lib(tif_fax3.obj) : error LNK2001: unresolved external symbol __TIFFmalloc
     1>tiff.lib(tif_ojpeg.obj) : error LNK2001: unresolved external symbol __TIFFmalloc
     1>tiff.lib(tif_jpeg.obj) : error LNK2001: unresolved external symbol __TIFFmalloc
     1>tiff.lib(tif_dirread.obj) : error LNK2001: unresolved external symbol __TIFFmalloc
     1>tiff.lib(tif_dirwrite.obj) : error LNK2001: unresolved external symbol __TIFFmalloc
     1>tiff.lib(tif_write.obj) : error LNK2001: unresolved external symbol __TIFFmalloc
     1>tiff.lib(tif_luv.obj) : error LNK2001: unresolved external symbol __TIFFmalloc
     1>tiff.lib(tif_aux.obj) : error LNK2001: unresolved external symbol __TIFFmalloc
     1>tiff.lib(tif_read.obj) : error LNK2001: unresolved external symbol __TIFFmalloc
     1>tiff.lib(tif_dirinfo.obj) : error LNK2001: unresolved external symbol __TIFFmalloc
     1>tiff.lib(tif_compress.obj) : error LNK2001: unresolved external symbol __TIFFmalloc
     1>scene.obj : error LNK2001: unresolved external symbol __TIFFmalloc
     1>tiff.lib(tif_getimage.obj) : error LNK2001: unresolved external symbol __TIFFmalloc
     1>tiff.lib(tif_dir.obj) : error LNK2001: unresolved external symbol __TIFFmalloc
     1>tiff.lib(tif_open.obj) : error LNK2001: unresolved external symbol __TIFFmalloc
     1>tiff.lib(tif_fax3.obj) : error LNK2001: unresolved external symbol __TIFFfree
     1>tiff.lib(tif_ojpeg.obj) : error LNK2001: unresolved external symbol __TIFFfree
     1>tiff.lib(tif_jpeg.obj) : error LNK2001: unresolved external symbol __TIFFfree
     1>tiff.lib(tif_lzw.obj) : error LNK2001: unresolved external symbol __TIFFfree
     1>tiff.lib(tif_dirwrite.obj) : error LNK2001: unresolved external symbol __TIFFfree
     1>tiff.lib(tif_write.obj) : error LNK2001: unresolved external symbol __TIFFfree
     1>tiff.lib(tif_luv.obj) : error LNK2001: unresolved external symbol __TIFFfree
     1>tiff.lib(tif_zip.obj) : error LNK2001: unresolved external symbol __TIFFfree
     1>tiff.lib(tif_read.obj) : error LNK2001: unresolved external symbol __TIFFfree
     1>tiff.lib(tif_dirinfo.obj) : error LNK2001: unresolved external symbol __TIFFfree
     1>tiff.lib(tif_compress.obj) : error LNK2001: unresolved external symbol __TIFFfree
     1>tiff.lib(tif_dirread.obj) : error LNK2001: unresolved external symbol __TIFFfree
     1>scene.obj : error LNK2001: unresolved external symbol __TIFFfree
     1>tiff.lib(tif_getimage.obj) : error LNK2001: unresolved external symbol __TIFFfree
     1>tiff.lib(tif_close.obj) : error LNK2001: unresolved external symbol __TIFFfree
     1>tiff.lib(tif_dir.obj) : error LNK2001: unresolved external symbol __TIFFfree
     1>tiff.lib(tif_getimage.obj) : error LNK2001: unresolved external symbol __TIFFmemcmp
     1>tiff.lib(tif_dirwrite.obj) : error LNK2001: unresolved external symbol __TIFFmemcmp
     1>tiff.lib(tif_jpeg.obj) : error LNK2001: unresolved external symbol __TIFFmemcpy
     1>tiff.lib(tif_next.obj) : error LNK2001: unresolved external symbol __TIFFmemcpy
     1>tiff.lib(tif_packbits.obj) : error LNK2001: unresolved external symbol __TIFFmemcpy
     1>tiff.lib(tif_dumpmode.obj) : error LNK2001: unresolved external symbol __TIFFmemcpy
     1>tiff.lib(tif_dirread.obj) : error LNK2001: unresolved external symbol __TIFFmemcpy
     1>tiff.lib(tif_dirwrite.obj) : error LNK2001: unresolved external symbol __TIFFmemcpy
     1>tiff.lib(tif_fax3.obj) : error LNK2001: unresolved external symbol __TIFFmemcpy
     1>tiff.lib(tif_ojpeg.obj) : error LNK2001: unresolved external symbol __TIFFmemcpy
     1>tiff.lib(tif_getimage.obj) : error LNK2001: unresolved external symbol __TIFFmemcpy
     1>tiff.lib(tif_dir.obj) : error LNK2001: unresolved external symbol __TIFFmemcpy
     1>tiff.lib(tif_aux.obj) : error LNK2001: unresolved external symbol __TIFFmemcpy
     1>tiff.lib(tif_read.obj) : error LNK2001: unresolved external symbol __TIFFmemcpy
     1>tiff.lib(tif_luv.obj) : error LNK2001: unresolved external symbol __TIFFmemset
     1>tiff.lib(tif_fax3.obj) : error LNK2001: unresolved external symbol __TIFFmemset
     1>tiff.lib(tif_lzw.obj) : error LNK2001: unresolved external symbol __TIFFmemset
     1>tiff.lib(tif_getimage.obj) : error LNK2001: unresolved external symbol __TIFFmemset
     1>tiff.lib(tif_dir.obj) : error LNK2001: unresolved external symbol __TIFFmemset
     1>tiff.lib(tif_open.obj) : error LNK2001: unresolved external symbol __TIFFmemset
     1>tiff.lib(tif_write.obj) : error LNK2001: unresolved external symbol __TIFFmemset
     1>tiff.lib(tif_error.obj) : error LNK2001: unresolved external symbol __TIFFerrorHandler
     1>tiff.lib(tif_warning.obj) : error LNK2001: unresolved external symbol __TIFFwarningHandler
     1>tiff.lib(tif_dirinfo.obj) : error LNK2001: unresolved external symbol __TIFFrealloc
     1>tiff.lib(tif_write.obj) : error LNK2001: unresolved external symbol __TIFFrealloc
     1>tiff.lib(tif_jpeg.obj) : error LNK2001: unresolved external symbol __TIFFrealloc
     1>tiff.lib(tif_zip.obj) : error LNK2001: unresolved external symbol _inflateInit_
     1>tiff.lib(tif_zip.obj) : error LNK2001: unresolved external symbol _inflateReset
     1>tiff.lib(tif_zip.obj) : error LNK2001: unresolved external symbol _inflateSync
     1>tiff.lib(tif_zip.obj) : error LNK2001: unresolved external symbol _inflate
     1>tiff.lib(tif_zip.obj) : error LNK2001: unresolved external symbol _deflateInit_
     1>tiff.lib(tif_zip.obj) : error LNK2001: unresolved external symbol _deflateReset
     1>tiff.lib(tif_zip.obj) : error LNK2001: unresolved external symbol _deflate
     1>tiff.lib(tif_zip.obj) : error LNK2001: unresolved external symbol _deflateEnd
     1>tiff.lib(tif_zip.obj) : error LNK2001: unresolved external symbol _inflateEnd
     1>tiff.lib(tif_zip.obj) : error LNK2001: unresolved external symbol _deflateParams
     1>tiff.lib(tif_ojpeg.obj) : error LNK2001: unresolved external symbol _jpeg_CreateDecompress
     1>tiff.lib(tif_jpeg.obj) : error LNK2001: unresolved external symbol _jpeg_CreateDecompress
     1>tiff.lib(tif_ojpeg.obj) : error LNK2001: unresolved external symbol _jpeg_std_error
     1>tiff.lib(tif_jpeg.obj) : error LNK2001: unresolved external symbol _jpeg_std_error
     1>tiff.lib(tif_ojpeg.obj) : error LNK2001: unresolved external symbol _jpeg_abort
     1>tiff.lib(tif_jpeg.obj) : error LNK2001: unresolved external symbol _jpeg_abort
     1>tiff.lib(tif_ojpeg.obj) : error LNK2001: unresolved external symbol _jpeg_resync_to_restart
     1>tiff.lib(tif_jpeg.obj) : error LNK2001: unresolved external symbol _jpeg_resync_to_restart
     1>tiff.lib(tif_ojpeg.obj) : error LNK2001: unresolved external symbol _jpeg_read_header
     1>tiff.lib(tif_jpeg.obj) : error LNK2001: unresolved external symbol _jpeg_read_header
     1>tiff.lib(tif_ojpeg.obj) : error LNK2001: unresolved external symbol _jpeg_start_decompress
     1>tiff.lib(tif_jpeg.obj) : error LNK2001: unresolved external symbol _jpeg_start_decompress
     1>tiff.lib(tif_ojpeg.obj) : error LNK2001: unresolved external symbol _jpeg_reset_huff_decode
     1>tiff.lib(tif_ojpeg.obj) : error LNK2001: unresolved external symbol _jpeg_finish_decompress
     1>tiff.lib(tif_jpeg.obj) : error LNK2001: unresolved external symbol _jpeg_finish_decompress
     1>tiff.lib(tif_ojpeg.obj) : error LNK2001: unresolved external symbol _jpeg_read_scanlines
     1>tiff.lib(tif_jpeg.obj) : error LNK2001: unresolved external symbol _jpeg_read_scanlines
     1>tiff.lib(tif_ojpeg.obj) : error LNK2001: unresolved external symbol _jpeg_read_raw_data
     1>tiff.lib(tif_jpeg.obj) : error LNK2001: unresolved external symbol _jpeg_read_raw_data
     1>tiff.lib(tif_ojpeg.obj) : error LNK2001: unresolved external symbol _jpeg_alloc_huff_table
     1>tiff.lib(tif_ojpeg.obj) : error LNK2001: unresolved external symbol _jpeg_alloc_quant_table
     1>tiff.lib(tif_ojpeg.obj) : error LNK2001: unresolved external symbol _jpeg_destroy
     1>tiff.lib(tif_jpeg.obj) : error LNK2001: unresolved external symbol _jpeg_destroy
     1>tiff.lib(tif_jpeg.obj) : error LNK2001: unresolved external symbol _jpeg_CreateCompress
     1>tiff.lib(tif_jpeg.obj) : error LNK2001: unresolved external symbol _jpeg_set_defaults
     1>tiff.lib(tif_jpeg.obj) : error LNK2001: unresolved external symbol _jpeg_set_quality
     1>tiff.lib(tif_jpeg.obj) : error LNK2001: unresolved external symbol _jpeg_suppress_tables
     1>tiff.lib(tif_jpeg.obj) : error LNK2001: unresolved external symbol _jpeg_write_tables
     1>tiff.lib(tif_jpeg.obj) : error LNK2001: unresolved external symbol _jpeg_set_colorspace
     1>tiff.lib(tif_jpeg.obj) : error LNK2001: unresolved external symbol _jpeg_start_compress
     1>tiff.lib(tif_jpeg.obj) : error LNK2001: unresolved external symbol _jpeg_write_scanlines
     1>tiff.lib(tif_jpeg.obj) : error LNK2001: unresolved external symbol _jpeg_write_raw_data
     1>tiff.lib(tif_jpeg.obj) : error LNK2001: unresolved external symbol _jpeg_finish_compress
     1>C:\Users\ehissey\Desktop\CS434\trunk\P1\proj\Release\code.exe : fatal error LNK1120: 42 unresolved externals
     1>Done Building Project "C:\Users\ehissey\Desktop\CS434\trunk\P1\proj\code.vcxproj" (build target(s)) -- FAILED.

Build FAILED.

Time Elapsed 00:00:00.17
